0 info it worked if it ends with ok
1 verbose cli [ '/usr/bin/nodejs', '/usr/bin/npm', 'run', 'build' ]
2 info using npm@3.5.2
3 info using node@v4.2.6
4 verbose run-script [ 'prebuild', 'build', 'postbuild' ]
5 info lifecycle lead-app@0.1.0~prebuild: lead-app@0.1.0
6 silly lifecycle lead-app@0.1.0~prebuild: no script for prebuild, continuing
7 info lifecycle lead-app@0.1.0~build: lead-app@0.1.0
8 verbose lifecycle lead-app@0.1.0~build: unsafe-perm in lifecycle true
9 verbose lifecycle lead-app@0.1.0~build: PATH: /usr/share/npm/bin/node-gyp-bin:/home/thomas/Desktop/lead-app/node_modules/.bin:/usr/local/sbin:/usr/local/bin:/usr/sbin:/usr/bin:/sbin:/bin:/usr/games:/usr/local/games:/snap/bin
10 verbose lifecycle lead-app@0.1.0~build: CWD: /home/thomas/Desktop/lead-app
11 silly lifecycle lead-app@0.1.0~build: Args: [ '-c', 'react-scripts build' ]
12 silly lifecycle lead-app@0.1.0~build: Returned: code: 1  signal: null
13 info lifecycle lead-app@0.1.0~build: Failed to exec build script
14 verbose stack Error: lead-app@0.1.0 build: `react-scripts build`
14 verbose stack Exit status 1
14 verbose stack     at EventEmitter.<anonymous> (/usr/share/npm/lib/utils/lifecycle.js:232:16)
14 verbose stack     at emitTwo (events.js:87:13)
14 verbose stack     at EventEmitter.emit (events.js:172:7)
14 verbose stack     at ChildProcess.<anonymous> (/usr/share/npm/lib/utils/spawn.js:24:14)
14 verbose stack     at emitTwo (events.js:87:13)
14 verbose stack     at ChildProcess.emit (events.js:172:7)
14 verbose stack     at maybeClose (internal/child_process.js:821:16)
14 verbose stack     at Process.ChildProcess._handle.onexit (internal/child_process.js:211:5)
15 verbose pkgid lead-app@0.1.0
16 verbose cwd /home/thomas/Desktop/lead-app/src
17 error Linux 4.4.0-59-generic
18 error argv "/usr/bin/nodejs" "/usr/bin/npm" "run" "build"
19 error node v4.2.6
20 error npm  v3.5.2
21 error code ELIFECYCLE
22 error lead-app@0.1.0 build: `react-scripts build`
22 error Exit status 1
23 error Failed at the lead-app@0.1.0 build script 'react-scripts build'.
23 error Make sure you have the latest version of node.js and npm installed.
23 error If you do, this is most likely a problem with the lead-app package,
23 error not with npm itself.
23 error Tell the author that this fails on your system:
23 error     react-scripts build
23 error You can get information on how to open an issue for this project with:
23 error     npm bugs lead-app
23 error Or if that isn't available, you can get their info via:
23 error     npm owner ls lead-app
23 error There is likely additional logging output above.
24 verbose exit [ 1, true ]
